0 info it worked if it ends with ok
1 verbose cli [ 'node', '/usr/local/bin/npm', 'install', 'gulp' ]
2 info using npm@2.1.18
3 info using node@v0.11.15
4 verbose node symlink /Users/ony/.nodebrew/current/bin/node
5 verbose config Skipping project config: /Users/ony/.npmrc. (matches userconfig)
6 silly cache add args [ 'gulp', null ]
7 verbose cache add spec gulp
8 silly cache add parsed spec { raw: 'gulp',
8 silly cache add   scope: null,
8 silly cache add   name: 'gulp',
8 silly cache add   rawSpec: '',
8 silly cache add   spec: '*',
8 silly cache add   type: 'range' }
9 verbose addNamed gulp@*
10 silly addNamed semver.valid null
11 silly addNamed semver.validRange *
12 silly addNameRange { name: 'gulp', range: '*', hasData: false }
13 silly mapToRegistry name gulp
14 silly mapToRegistry using default registry
15 silly mapToRegistry registry https://registry.npmjs.org/
16 silly mapToRegistry uri https://registry.npmjs.org/gulp
17 verbose addNameRange registry:https://registry.npmjs.org/gulp not in flight; fetching
18 verbose request uri https://registry.npmjs.org/gulp
19 verbose request no auth needed
20 info attempt registry request try #1 at 16:33:45
21 verbose request id 799a232d0b6bda8d
22 verbose etag "JNNYN3XHQENL4A9HRA9D0458"
23 http request GET https://registry.npmjs.org/gulp
24 http 304 https://registry.npmjs.org/gulp
25 silly get cb [ 304,
25 silly get   { date: 'Mon, 09 Mar 2015 07:33:37 GMT',
25 silly get     server: 'Apache',
25 silly get     via: '1.1 varnish',
25 silly get     'last-modified': 'Mon, 09 Mar 2015 07:33:37 GMT',
25 silly get     'cache-control': 'max-age=60',
25 silly get     etag: '"JNNYN3XHQENL4A9HRA9D0458"',
25 silly get     age: '58',
25 silly get     'x-served-by': 'cache-nrt6134-NRT',
25 silly get     'x-cache': 'HIT',
25 silly get     'x-cache-hits': '1',
25 silly get     'x-timer': 'S1425886417.238802,VS0,VE1',
25 silly get     vary: 'Accept',
25 silly get     'content-length': '0',
25 silly get     connection: 'close' } ]
26 verbose etag https://registry.npmjs.org/gulp from cache
27 silly addNameRange number 2 { name: 'gulp', range: '*', hasData: true }
28 silly addNameRange versions [ 'gulp',
28 silly addNameRange   [ '0.0.1',
28 silly addNameRange     '0.0.2',
28 silly addNameRange     '0.0.3',
28 silly addNameRange     '0.0.4',
28 silly addNameRange     '0.0.5',
28 silly addNameRange     '0.0.7',
28 silly addNameRange     '0.0.8',
28 silly addNameRange     '0.0.9',
28 silly addNameRange     '0.1.0',
28 silly addNameRange     '0.2.0',
28 silly addNameRange     '1.0.0',
28 silly addNameRange     '1.1.0',
28 silly addNameRange     '1.2.0',
28 silly addNameRange     '1.2.1',
28 silly addNameRange     '2.0.0',
28 silly addNameRange     '2.0.1',
28 silly addNameRange     '2.1.0',
28 silly addNameRange     '2.2.0',
28 silly addNameRange     '2.3.0',
28 silly addNameRange     '2.4.0',
28 silly addNameRange     '2.4.1',
28 silly addNameRange     '2.6.0',
28 silly addNameRange     '2.6.1',
28 silly addNameRange     '2.7.0',
28 silly addNameRange     '3.0.0',
28 silly addNameRange     '3.1.1',
28 silly addNameRange     '3.1.2',
28 silly addNameRange     '3.1.3',
28 silly addNameRange     '3.1.4',
28 silly addNameRange     '3.2.0',
28 silly addNameRange     '3.2.1',
28 silly addNameRange     '3.2.2',
28 silly addNameRange     '3.2.3',
28 silly addNameRange     '3.2.4',
28 silly addNameRange     '3.2.5',
28 silly addNameRange     '3.3.0',
28 silly addNameRange     '3.3.1',
28 silly addNameRange     '3.3.2',
28 silly addNameRange     '3.3.4',
28 silly addNameRange     '3.4.0',
28 silly addNameRange     '3.5.0',
28 silly addNameRange     '3.5.1',
28 silly addNameRange     '3.5.2',
28 silly addNameRange     '3.5.5',
28 silly addNameRange     '3.5.6',
28 silly addNameRange     '3.6.0',
28 silly addNameRange     '3.6.1',
28 silly addNameRange     '3.6.2',
28 silly addNameRange     '3.7.0',
28 silly addNameRange     '3.8.0',
28 silly addNameRange     '3.8.1',
28 silly addNameRange     '3.8.2',
28 silly addNameRange     '3.8.3',
28 silly addNameRange     '3.8.4',
28 silly addNameRange     '3.8.5',
28 silly addNameRange     '3.8.6',
28 silly addNameRange     '3.8.7',
28 silly addNameRange     '3.8.8',
28 silly addNameRange     '3.8.9',
28 silly addNameRange     '3.8.10',
28 silly addNameRange     '3.8.11' ] ]
29 verbose addNamed gulp@3.8.11
30 silly addNamed semver.valid 3.8.11
31 silly addNamed semver.validRange 3.8.11
32 silly cache afterAdd gulp@3.8.11
33 verbose afterAdd /Users/ony/.npm/gulp/3.8.11/package/package.json not in flight; writing
34 verbose afterAdd /Users/ony/.npm/gulp/3.8.11/package/package.json written
35 silly install resolved [ { name: 'gulp',
35 silly install resolved     description: 'The streaming build system',
35 silly install resolved     version: '3.8.11',
35 silly install resolved     homepage: 'http://gulpjs.com',
35 silly install resolved     repository: { type: 'git', url: 'https://github.com/gulpjs/gulp' },
35 silly install resolved     author:
35 silly install resolved      { name: 'Fractal',
35 silly install resolved        email: 'contact@wearefractal.com',
35 silly install resolved        url: 'http://wearefractal.com/' },
35 silly install resolved     tags: [ 'build', 'stream', 'system', 'make', 'tool', 'asset', 'pipeline' ],
35 silly install resolved     files: [ 'index.js', 'lib', 'bin', 'completion' ],
35 silly install resolved     bin: { gulp: './bin/gulp.js' },
35 silly install resolved     man: [ 'gulp.1' ],
35 silly install resolved     dependencies:
35 silly install resolved      { archy: '^1.0.0',
35 silly install resolved        chalk: '^0.5.0',
35 silly install resolved        deprecated: '^0.0.1',
35 silly install resolved        'gulp-util': '^3.0.0',
35 silly install resolved        interpret: '^0.3.2',
35 silly install resolved        liftoff: '^2.0.1',
35 silly install resolved        minimist: '^1.1.0',
35 silly install resolved        orchestrator: '^0.3.0',
35 silly install resolved        'pretty-hrtime': '^0.2.0',
35 silly install resolved        semver: '^4.1.0',
35 silly install resolved        tildify: '^1.0.0',
35 silly install resolved        v8flags: '^2.0.2',
35 silly install resolved        'vinyl-fs': '^0.3.0' },
35 silly install resolved     devDependencies:
35 silly install resolved      { coveralls: '^2.7.0',
35 silly install resolved        'graceful-fs': '^3.0.0',
35 silly install resolved        istanbul: '^0.3.0',
35 silly install resolved        jshint: '^2.5.0',
35 silly install resolved        'jshint-stylish': '^1.0.0',
35 silly install resolved        'marked-man': '^0.1.3',
35 silly install resolved        mkdirp: '^0.5.0',
35 silly install resolved        mocha: '^2.0.1',
35 silly install resolved        'mocha-lcov-reporter': '^0.0.1',
35 silly install resolved        q: '^1.0.0',
35 silly install resolved        rimraf: '^2.2.5',
35 silly install resolved        should: '^4.0.0' },
35 silly install resolved     scripts:
35 silly install resolved      { prepublish: 'marked-man --name gulp docs/CLI.md > gulp.1',
35 silly install resolved        lint: 'jshint lib bin index.js --reporter node_modules/jshint-stylish/stylish.js --exclude node_modules',
35 silly install resolved        test: 'npm run-script lint && mocha --reporter spec',
35 silly install resolved        coveralls: 'istanbul cover _mocha --report lcovonly -- -R spec && cat ./coverage/lcov.info | coveralls && rm -rf ./coverage' },
35 silly install resolved     engineStrict: true,
35 silly install resolved     engines: { node: '>= 0.9' },
35 silly install resolved     licenses: [ [Object] ],
35 silly install resolved     gitHead: '84df40b0faabc2b61d576154fd1145e2146377ca',
35 silly install resolved     bugs: { url: 'https://github.com/gulpjs/gulp/issues' },
35 silly install resolved     _id: 'gulp@3.8.11',
35 silly install resolved     _shasum: 'd557e0a7283eb4136491969b0497767972f1d28a',
35 silly install resolved     _from: 'gulp@*',
35 silly install resolved     _npmVersion: '2.5.1',
35 silly install resolved     _nodeVersion: '0.12.0',
35 silly install resolved     _npmUser: { name: 'phated', email: 'blaine@iceddev.com' },
35 silly install resolved     maintainers: [ [Object], [Object] ],
35 silly install resolved     dist:
35 silly install resolved      { shasum: 'd557e0a7283eb4136491969b0497767972f1d28a',
35 silly install resolved        tarball: 'http://registry.npmjs.org/gulp/-/gulp-3.8.11.tgz' },
35 silly install resolved     directories: {},
35 silly install resolved     _resolved: 'https://registry.npmjs.org/gulp/-/gulp-3.8.11.tgz',
35 silly install resolved     readme: 'ERROR: No README data found!' } ]
36 info install gulp@3.8.11 into /Users/ony
37 info installOne gulp@3.8.11
38 verbose installOne of gulp to /Users/ony not in flight; installing
39 verbose lock using /Users/ony/.npm/_locks/gulp-66f8fcfb3bc31093.lock for /Users/ony/node_modules/gulp
40 silly install write writing gulp 3.8.11 to /Users/ony/node_modules/gulp
41 silly cache addNamed cb gulp@3.8.11
42 verbose unbuild node_modules/gulp
43 info preuninstall gulp@3.8.10
44 info uninstall gulp@3.8.10
45 verbose unbuild rmStuff gulp@3.8.10 from /Users/ony/node_modules
46 verbose gentlyRm verifying that /Users/ony is managed by npm
47 silly isManaged /Users/ony is not inside /Users/ony/node_modules
48 silly isManaged /Users/ony is not inside /Users/ony/node_modules
49 silly isManaged /Users/ony/node_modules/.bin is inside /Users/ony
50 silly gentlyRm /Users/ony is managed by npm
51 silly gentlyRm /Users/ony/node_modules/.bin/gulp is under /Users/ony
52 verbose gentlyRm vacuuming /Users/ony/node_modules/.bin/gulp up to /Users/ony
53 silly gentlyRm removing /Users/ony/node_modules/.bin/gulp
54 verbose unlock done using /Users/ony/.npm/_locks/gulp-66f8fcfb3bc31093.lock for /Users/ony/node_modules/gulp
55 verbose stack Error: EACCES, unlink '/Users/ony/node_modules/.bin/gulp'
55 verbose stack     at Error (native)
56 verbose cwd /Users/ony/work/MYPROJECT/gulp_module/source
57 error Darwin 14.1.0
58 error argv "node" "/usr/local/bin/npm" "install" "gulp"
59 error node v0.11.15
60 error npm  v2.1.18
61 error path /Users/ony/node_modules/.bin/gulp
62 error code EACCES
63 error errno -13
64 error Error: EACCES, unlink '/Users/ony/node_modules/.bin/gulp'
64 error     at Error (native)
64 error  { [Error: EACCES, unlink '/Users/ony/node_modules/.bin/gulp']
64 error   errno: -13,
64 error   code: 'EACCES',
64 error   path: '/Users/ony/node_modules/.bin/gulp' }
65 error Please try running this command again as root/Administrator.
66 verbose exit [ -13, true ]
67 verbose unbuild node_modules/gulp
68 info preuninstall gulp@3.8.10
69 info uninstall gulp@3.8.10
70 verbose unbuild rmStuff gulp@3.8.10 from /Users/ony/node_modules
71 verbose gentlyRm verifying that /Users/ony is managed by npm
72 silly isManaged /Users/ony is not inside /Users/ony/node_modules
73 silly isManaged /Users/ony is not inside /Users/ony/node_modules
74 silly isManaged /Users/ony is not inside /Users/ony/node_modules/.bin
75 silly isManaged /Users/ony is inside /Users/ony
76 silly gentlyRm /Users/ony is managed by npm
77 silly gentlyRm /Users/ony/node_modules/.bin/gulp is under /Users/ony
78 verbose gentlyRm vacuuming /Users/ony/node_modules/.bin/gulp up to /Users/ony
79 silly gentlyRm removing /Users/ony/node_modules/.bin/gulp
80 error error rolling back Error: EACCES, unlink '/Users/ony/node_modules/.bin/gulp'
80 error error rolling back     at Error (native)
80 error error rolling back  { [Error: EACCES, unlink '/Users/ony/node_modules/.bin/gulp']
80 error error rolling back   errno: -13,
80 error error rolling back   code: 'EACCES',
80 error error rolling back   path: '/Users/ony/node_modules/.bin/gulp' }
